{
  "timestamp": "2026-02-19T21:04:08.576579",
  "n_transactions": 50,
  "approved": 50,
  "blocked": 0,
  "block_rate": 0.0,
  "threshold": 0.29,
  "predictions": [
    {
      "transaction_id": "TXN_20260219_210407_00000",
      "timestamp": "2026-02-19T21:04:07.844692",
      "amount": 13.046114948434939,
      "fraud_probability": 0.05,
      "decision": "APPROVE",
      "confidence": 0.95
    },
    {
      "transaction_id": "TXN_20260219_210407_00001",
      "timestamp": "2026-02-19T21:04:08.844767",
      "amount": 73.15643592897537,
      "fraud_probability": 0.03,
      "decision": "APPROVE",
      "confidence": 0.97
    },
    {
      "transaction_id": "TXN_20260219_210407_00002",
      "timestamp": "2026-02-19T21:04:09.844811",
      "amount": 138.54131760395282,
      "fraud_probability": 0.05,
      "decision": "APPROVE",
      "confidence": 0.95
    },
    {
      "transaction_id": "TXN_20260219_210407_00003",
      "timestamp": "2026-02-19T21:04:10.844849",
      "amount": 3.897092273612078,
      "fraud_probability": 0.03,
      "decision": "APPROVE",
      "confidence": 0.97
    },
    {
      "transaction_id": "TXN_20260219_210407_00004",
      "timestamp": "2026-02-19T21:04:11.844885",
      "amount": 21.592557913192657,
      "fraud_probability": 0.01,
      "decision": "APPROVE",
      "confidence": 0.99
    },
    {
      "transaction_id": "TXN_20260219_210407_00005",
      "timestamp": "2026-02-19T21:04:12.844920",
      "amount": 18.396626702600983,
      "fraud_probability": 0.05,
      "decision": "APPROVE",
      "confidence": 0.95
    },
    {
      "transaction_id": "TXN_20260219_210407_00006",
      "timestamp": "2026-02-19T21:04:13.844954",
      "amount": 33.36007201823066,
      "fraud_probability": 0.03,
      "decision": "APPROVE",
      "confidence": 0.97
    },
    {
      "transaction_id": "TXN_20260219_210407_00007",
      "timestamp": "2026-02-19T21:04:14.844987",
      "amount": 104.28194608626279,
      "fraud_probability": 0.02,
      "decision": "APPROVE",
      "confidence": 0.98
    },
    {
      "transaction_id": "TXN_20260219_210407_00008",
      "timestamp": "2026-02-19T21:04:15.845019",
      "amount": 382.52662997737974,
      "fraud_probability": 0.05,
      "decision": "APPROVE",
      "confidence": 0.95
    },
    {
      "transaction_id": "TXN_20260219_210407_00009",
      "timestamp": "2026-02-19T21:04:16.845053",
      "amount": 52.18615677529079,
      "fraud_probability": 0.1,
      "decision": "APPROVE",
      "confidence": 0.9
    },
    {
      "transaction_id": "TXN_20260219_210407_00010",
      "timestamp": "2026-02-19T21:04:17.845086",
      "amount": 80.96181441695043,
      "fraud_probability": 0.03,
      "decision": "APPROVE",
      "confidence": 0.97
    },
    {
      "transaction_id": "TXN_20260219_210407_00011",
      "timestamp": "2026-02-19T21:04:18.845121",
      "amount": 52.927333496544456,
      "fraud_probability": 0.03,
      "decision": "APPROVE",
      "confidence": 0.97
    },
    {
      "transaction_id": "TXN_20260219_210407_00012",
      "timestamp": "2026-02-19T21:04:19.845154",
      "amount": 125.30668112610468,
      "fraud_probability": 0.04,
      "decision": "APPROVE",
      "confidence": 0.96
    },
    {
      "transaction_id": "TXN_20260219_210407_00013",
      "timestamp": "2026-02-19T21:04:20.845188",
      "amount": 51.596851359196116,
      "fraud_probability": 0.01,
      "decision": "APPROVE",
      "confidence": 0.99
    },
    {
      "transaction_id": "TXN_20260219_210407_00014",
      "timestamp": "2026-02-19T21:04:21.845220",
      "amount": 333.14738927145834,
      "fraud_probability": 0.11,
      "decision": "APPROVE",
      "confidence": 0.89
    },
    {
      "transaction_id": "TXN_20260219_210407_00015",
      "timestamp": "2026-02-19T21:04:22.845253",
      "amount": 57.616816279522055,
      "fraud_probability": 0.02,
      "decision": "APPROVE",
      "confidence": 0.98
    },
    {
      "transaction_id": "TXN_20260219_210407_00016",
      "timestamp": "2026-02-19T21:04:23.845286",
      "amount": 16.305813012810304,
      "fraud_probability": 0.02,
      "decision": "APPROVE",
      "confidence": 0.98
    },
    {
      "transaction_id": "TXN_20260219_210407_00017",
      "timestamp": "2026-02-19T21:04:24.845319",
      "amount": 3.222872428796381,
      "fraud_probability": 0.04,
      "decision": "APPROVE",
      "confidence": 0.96
    },
    {
      "transaction_id": "TXN_20260219_210407_00018",
      "timestamp": "2026-02-19T21:04:25.845352",
      "amount": 180.2609886387706,
      "fraud_probability": 0.05,
      "decision": "APPROVE",
      "confidence": 0.95
    },
    {
      "transaction_id": "TXN_20260219_210407_00019",
      "timestamp": "2026-02-19T21:04:26.845384",
      "amount": 95.26148894882338,
      "fraud_probability": 0.04,
      "decision": "APPROVE",
      "confidence": 0.96
    },
    {
      "transaction_id": "TXN_20260219_210407_00020",
      "timestamp": "2026-02-19T21:04:27.845410",
      "amount": 29.10433197425397,
      "fraud_probability": 0.03,
      "decision": "APPROVE",
      "confidence": 0.97
    },
    {
      "transaction_id": "TXN_20260219_210407_00021",
      "timestamp": "2026-02-19T21:04:28.845433",
      "amount": 80.52174130080941,
      "fraud_probability": 0.02,
      "decision": "APPROVE",
      "confidence": 0.98
    },
    {
      "transaction_id": "TXN_20260219_210407_00022",
      "timestamp": "2026-02-19T21:04:29.845455",
      "amount": 73.23766078407951,
      "fraud_probability": 0.01,
      "decision": "APPROVE",
      "confidence": 0.99
    },
    {
      "transaction_id": "TXN_20260219_210407_00023",
      "timestamp": "2026-02-19T21:04:30.845477",
      "amount": 54.21736846166688,
      "fraud_probability": 0.25993945509586275,
      "decision": "APPROVE",
      "confidence": 0.7400605449041373
    },
    {
      "transaction_id": "TXN_20260219_210407_00024",
      "timestamp": "2026-02-19T21:04:31.845499",
      "amount": 190.8625359573094,
      "fraud_probability": 0.09,
      "decision": "APPROVE",
      "confidence": 0.91
    },
    {
      "transaction_id": "TXN_20260219_210407_00025",
      "timestamp": "2026-02-19T21:04:32.845521",
      "amount": 148.57850689772846,
      "fraud_probability": 0.01,
      "decision": "APPROVE",
      "confidence": 0.99
    },
    {
      "transaction_id": "TXN_20260219_210407_00026",
      "timestamp": "2026-02-19T21:04:33.845544",
      "amount": 104.49285138596053,
      "fraud_probability": 0.03,
      "decision": "APPROVE",
      "confidence": 0.97
    },
    {
      "transaction_id": "TXN_20260219_210407_00027",
      "timestamp": "2026-02-19T21:04:34.845566",
      "amount": 105.94703278438958,
      "fraud_probability": 0.04,
      "decision": "APPROVE",
      "confidence": 0.96
    },
    {
      "transaction_id": "TXN_20260219_210407_00028",
      "timestamp": "2026-02-19T21:04:35.845588",
      "amount": 90.15541699419921,
      "fraud_probability": 0.02,
      "decision": "APPROVE",
      "confidence": 0.98
    },
    {
      "transaction_id": "TXN_20260219_210407_00029",
      "timestamp": "2026-02-19T21:04:36.845610",
      "amount": 99.44302125019092,
      "fraud_probability": 0.0,
      "decision": "APPROVE",
      "confidence": 1.0
    },
    {
      "transaction_id": "TXN_20260219_210407_00030",
      "timestamp": "2026-02-19T21:04:37.845632",
      "amount": 48.89843803644944,
      "fraud_probability": 0.04,
      "decision": "APPROVE",
      "confidence": 0.96
    },
    {
      "transaction_id": "TXN_20260219_210407_00031",
      "timestamp": "2026-02-19T21:04:38.845663",
      "amount": 233.09905655092683,
      "fraud_probability": 0.02,
      "decision": "APPROVE",
      "confidence": 0.98
    },
    {
      "transaction_id": "TXN_20260219_210407_00032",
      "timestamp": "2026-02-19T21:04:39.845688",
      "amount": 33.84176748903788,
      "fraud_probability": 0.03938095238095238,
      "decision": "APPROVE",
      "confidence": 0.9606190476190476
    },
    {
      "transaction_id": "TXN_20260219_210407_00033",
      "timestamp": "2026-02-19T21:04:40.845711",
      "amount": 40.52475963507696,
      "fraud_probability": 0.03,
      "decision": "APPROVE",
      "confidence": 0.97
    },
    {
      "transaction_id": "TXN_20260219_210407_00034",
      "timestamp": "2026-02-19T21:04:41.845733",
      "amount": 26.893114361907223,
      "fraud_probability": 0.05,
      "decision": "APPROVE",
      "confidence": 0.95
    },
    {
      "transaction_id": "TXN_20260219_210407_00035",
      "timestamp": "2026-02-19T21:04:42.845756",
      "amount": 45.92171175357891,
      "fraud_probability": 0.02,
      "decision": "APPROVE",
      "confidence": 0.98
    },
    {
      "transaction_id": "TXN_20260219_210407_00036",
      "timestamp": "2026-02-19T21:04:43.845778",
      "amount": 58.07594238166127,
      "fraud_probability": 0.09,
      "decision": "APPROVE",
      "confidence": 0.91
    },
    {
      "transaction_id": "TXN_20260219_210407_00037",
      "timestamp": "2026-02-19T21:04:44.845799",
      "amount": 52.901188498460705,
      "fraud_probability": 0.01,
      "decision": "APPROVE",
      "confidence": 0.99
    },
    {
      "transaction_id": "TXN_20260219_210407_00038",
      "timestamp": "2026-02-19T21:04:45.845821",
      "amount": 25.411955336902977,
      "fraud_probability": 0.02,
      "decision": "APPROVE",
      "confidence": 0.98
    },
    {
      "transaction_id": "TXN_20260219_210407_00039",
      "timestamp": "2026-02-19T21:04:46.845843",
      "amount": 137.4417033282053,
      "fraud_probability": 0.04,
      "decision": "APPROVE",
      "confidence": 0.96
    },
    {
      "transaction_id": "TXN_20260219_210407_00040",
      "timestamp": "2026-02-19T21:04:47.845865",
      "amount": 21.735209247279446,
      "fraud_probability": 0.03,
      "decision": "APPROVE",
      "confidence": 0.97
    },
    {
      "transaction_id": "TXN_20260219_210407_00041",
      "timestamp": "2026-02-19T21:04:48.845887",
      "amount": 73.17404003782157,
      "fraud_probability": 0.05,
      "decision": "APPROVE",
      "confidence": 0.95
    },
    {
      "transaction_id": "TXN_20260219_210407_00042",
      "timestamp": "2026-02-19T21:04:49.845909",
      "amount": 59.791668898584334,
      "fraud_probability": 0.20993945509586276,
      "decision": "APPROVE",
      "confidence": 0.7900605449041372
    },
    {
      "transaction_id": "TXN_20260219_210407_00043",
      "timestamp": "2026-02-19T21:04:50.845930",
      "amount": 70.14203518688458,
      "fraud_probability": 0.06,
      "decision": "APPROVE",
      "confidence": 0.94
    },
    {
      "transaction_id": "TXN_20260219_210407_00044",
      "timestamp": "2026-02-19T21:04:51.845952",
      "amount": 139.87665939728973,
      "fraud_probability": 0.22,
      "decision": "APPROVE",
      "confidence": 0.78
    },
    {
      "transaction_id": "TXN_20260219_210407_00045",
      "timestamp": "2026-02-19T21:04:52.845974",
      "amount": 84.96990531370486,
      "fraud_probability": 0.03,
      "decision": "APPROVE",
      "confidence": 0.97
    },
    {
      "transaction_id": "TXN_20260219_210407_00046",
      "timestamp": "2026-02-19T21:04:53.845997",
      "amount": 150.9423988180576,
      "fraud_probability": 0.03,
      "decision": "APPROVE",
      "confidence": 0.97
    },
    {
      "transaction_id": "TXN_20260219_210407_00047",
      "timestamp": "2026-02-19T21:04:54.846023",
      "amount": 51.820550933623984,
      "fraud_probability": 0.06,
      "decision": "APPROVE",
      "confidence": 0.94
    },
    {
      "transaction_id": "TXN_20260219_210407_00048",
      "timestamp": "2026-02-19T21:04:55.846046",
      "amount": 49.861418564766886,
      "fraud_probability": 0.02,
      "decision": "APPROVE",
      "confidence": 0.98
    },
    {
      "transaction_id": "TXN_20260219_210407_00049",
      "timestamp": "2026-02-19T21:04:56.846069",
      "amount": 162.48051292853162,
      "fraud_probability": 0.02,
      "decision": "APPROVE",
      "confidence": 0.98
    }
  ]
}